[INFO] Running gsbs_only.py
[STAGE 1] LOADING SRM PICKLES
  students_srm: 200 ROIs
  experts_srm:  200 ROIs
  all_srm:      200 ROIs
[RESUME] No checkpoint found for students_results, starting fresh
[RESUME] No checkpoint found for experts_results, starting fresh
[RESUME] No checkpoint found for all_results, starting fresh

[STAGE 2] RUNNING GSBS
[INFO] 200 ROIs remaining to process
  Students - ROI 1: optimal n events = 37
  Experts - ROI 1: optimal n events = 40
  Combined - ROI 1: optimal n events = 33
  Students - ROI 2: optimal n events = 36
  Experts - ROI 2: optimal n events = 37
  Combined - ROI 2: optimal n events = 35
  Students - ROI 3: optimal n events = 58
  Experts - ROI 3: optimal n events = 58
  Combined - ROI 3: optimal n events = 59
  Students - ROI 4: optimal n events = 31
  Experts - ROI 4: optimal n events = 41
  Combined - ROI 4: optimal n events = 36
  Students - ROI 5: optimal n events = 38
  Experts - ROI 5: optimal n events = 38
  Combined - ROI 5: optimal n events = 40
  Students - ROI 6: optimal n events = 40
  Experts - ROI 6: optimal n events = 46
  Combined - ROI 6: optimal n events = 40
  Students - ROI 7: optimal n events = 32
  Experts - ROI 7: optimal n events = 32
  Combined - ROI 7: optimal n events = 31
  Students - ROI 8: optimal n events = 40
  Experts - ROI 8: optimal n events = 33
  Combined - ROI 8: optimal n events = 35
  Students - ROI 9: optimal n events = 29
  Experts - ROI 9: optimal n events = 40
  Combined - ROI 9: optimal n events = 26
  Students - ROI 10: optimal n events = 35
  Experts - ROI 10: optimal n events = 38
  Combined - ROI 10: optimal n events = 36
[CHECKPOINT] Saved through ROI 10
  Students - ROI 11: optimal n events = 27
  Experts - ROI 11: optimal n events = 41
  Combined - ROI 11: optimal n events = 29
  Students - ROI 12: optimal n events = 40
  Experts - ROI 12: optimal n events = 54
  Combined - ROI 12: optimal n events = 45
  Students - ROI 13: optimal n events = 29
  Experts - ROI 13: optimal n events = 28
  Combined - ROI 13: optimal n events = 33
  Students - ROI 14: optimal n events = 30
  Experts - ROI 14: optimal n events = 46
  Combined - ROI 14: optimal n events = 33
  Students - ROI 15: optimal n events = 34
  Experts - ROI 15: optimal n events = 34
  Combined - ROI 15: optimal n events = 34
  Students - ROI 16: optimal n events = 32
  Experts - ROI 16: optimal n events = 39
  Combined - ROI 16: optimal n events = 34
  Students - ROI 17: optimal n events = 33
  Experts - ROI 17: optimal n events = 41
  Combined - ROI 17: optimal n events = 33
  Students - ROI 18: optimal n events = 30
  Experts - ROI 18: optimal n events = 30
  Combined - ROI 18: optimal n events = 32
  Students - ROI 19: optimal n events = 33
  Experts - ROI 19: optimal n events = 32
  Combined - ROI 19: optimal n events = 34
  Students - ROI 20: optimal n events = 33
  Experts - ROI 20: optimal n events = 36
  Combined - ROI 20: optimal n events = 31
[CHECKPOINT] Saved through ROI 20
  Students - ROI 21: optimal n events = 31
  Experts - ROI 21: optimal n events = 25
  Combined - ROI 21: optimal n events = 27
  Students - ROI 22: optimal n events = 30
  Experts - ROI 22: optimal n events = 36
  Combined - ROI 22: optimal n events = 32
  Students - ROI 23: optimal n events = 31
  Experts - ROI 23: optimal n events = 33
  Combined - ROI 23: optimal n events = 30
  Students - ROI 24: optimal n events = 36
  Experts - ROI 24: optimal n events = 39
  Combined - ROI 24: optimal n events = 36
  Students - ROI 25: optimal n events = 31
  Experts - ROI 25: optimal n events = 43
  Combined - ROI 25: optimal n events = 36
  Students - ROI 26: optimal n events = 29
  Experts - ROI 26: optimal n events = 28
  Combined - ROI 26: optimal n events = 35
  Students - ROI 27: optimal n events = 47
  Experts - ROI 27: optimal n events = 41
  Combined - ROI 27: optimal n events = 45
  Students - ROI 28: optimal n events = 35
  Experts - ROI 28: optimal n events = 37
  Combined - ROI 28: optimal n events = 34
  Students - ROI 29: optimal n events = 31
  Experts - ROI 29: optimal n events = 28
  Combined - ROI 29: optimal n events = 39
  Students - ROI 30: optimal n events = 31
  Experts - ROI 30: optimal n events = 31
  Combined - ROI 30: optimal n events = 31
[CHECKPOINT] Saved through ROI 30
  Students - ROI 31: optimal n events = 42
  Experts - ROI 31: optimal n events = 53
  Combined - ROI 31: optimal n events = 41
  Students - ROI 32: optimal n events = 41
  Experts - ROI 32: optimal n events = 39
  Combined - ROI 32: optimal n events = 42
  Students - ROI 33: optimal n events = 41
  Experts - ROI 33: optimal n events = 52
  Combined - ROI 33: optimal n events = 36
  Students - ROI 34: optimal n events = 35
  Experts - ROI 34: optimal n events = 40
  Combined - ROI 34: optimal n events = 38
  Students - ROI 35: optimal n events = 34
  Experts - ROI 35: optimal n events = 33
  Combined - ROI 35: optimal n events = 32
  Students - ROI 36: optimal n events = 32
  Experts - ROI 36: optimal n events = 34
  Combined - ROI 36: optimal n events = 33
  Students - ROI 37: optimal n events = 31
  Experts - ROI 37: optimal n events = 38
  Combined - ROI 37: optimal n events = 32
  Students - ROI 38: optimal n events = 31
  Experts - ROI 38: optimal n events = 34
  Combined - ROI 38: optimal n events = 30
  Students - ROI 39: optimal n events = 32
  Experts - ROI 39: optimal n events = 38
  Combined - ROI 39: optimal n events = 35
  Students - ROI 40: optimal n events = 37
  Experts - ROI 40: optimal n events = 36
  Combined - ROI 40: optimal n events = 33
[CHECKPOINT] Saved through ROI 40
  Students - ROI 41: optimal n events = 38
  Experts - ROI 41: optimal n events = 35
  Combined - ROI 41: optimal n events = 37
  Students - ROI 42: optimal n events = 30
  Experts - ROI 42: optimal n events = 28
  Combined - ROI 42: optimal n events = 30
  Students - ROI 43: optimal n events = 34
  Experts - ROI 43: optimal n events = 33
  Combined - ROI 43: optimal n events = 33
  Students - ROI 44: optimal n events = 32
  Experts - ROI 44: optimal n events = 32
  Combined - ROI 44: optimal n events = 32
  Students - ROI 45: optimal n events = 35
  Experts - ROI 45: optimal n events = 37
  Combined - ROI 45: optimal n events = 36
  Students - ROI 46: optimal n events = 31
  Experts - ROI 46: optimal n events = 30
  Combined - ROI 46: optimal n events = 38
  Students - ROI 47: optimal n events = 37
  Experts - ROI 47: optimal n events = 33
  Combined - ROI 47: optimal n events = 37
  Students - ROI 48: optimal n events = 32
  Experts - ROI 48: optimal n events = 40
  Combined - ROI 48: optimal n events = 32
  Students - ROI 49: optimal n events = 30
  Experts - ROI 49: optimal n events = 34
  Combined - ROI 49: optimal n events = 32
  Students - ROI 50: optimal n events = 39
  Experts - ROI 50: optimal n events = 35
  Combined - ROI 50: optimal n events = 36
[CHECKPOINT] Saved through ROI 50
  Students - ROI 51: optimal n events = 32
  Experts - ROI 51: optimal n events = 31
  Combined - ROI 51: optimal n events = 30
  Students - ROI 52: optimal n events = 36
  Experts - ROI 52: optimal n events = 35
  Combined - ROI 52: optimal n events = 36
  Students - ROI 53: optimal n events = 28
  Experts - ROI 53: optimal n events = 32
  Combined - ROI 53: optimal n events = 29
  Students - ROI 54: optimal n events = 30
  Experts - ROI 54: optimal n events = 28
  Combined - ROI 54: optimal n events = 28
  Students - ROI 55: optimal n events = 28
  Experts - ROI 55: optimal n events = 28
  Combined - ROI 55: optimal n events = 29
  Students - ROI 56: optimal n events = 33
  Experts - ROI 56: optimal n events = 28
  Combined - ROI 56: optimal n events = 30
  Students - ROI 57: optimal n events = 35
  Experts - ROI 57: optimal n events = 34
  Combined - ROI 57: optimal n events = 34
  Students - ROI 58: optimal n events = 38
  Experts - ROI 58: optimal n events = 42
  Combined - ROI 58: optimal n events = 36
  Students - ROI 59: optimal n events = 35
  Experts - ROI 59: optimal n events = 43
  Combined - ROI 59: optimal n events = 34
  Students - ROI 60: optimal n events = 36
  Experts - ROI 60: optimal n events = 39
  Combined - ROI 60: optimal n events = 35
[CHECKPOINT] Saved through ROI 60
  Students - ROI 61: optimal n events = 35
  Experts - ROI 61: optimal n events = 33
  Combined - ROI 61: optimal n events = 35
  Students - ROI 62: optimal n events = 35
  Experts - ROI 62: optimal n events = 41
  Combined - ROI 62: optimal n events = 39
  Students - ROI 63: optimal n events = 31
  Experts - ROI 63: optimal n events = 41
  Combined - ROI 63: optimal n events = 33
  Students - ROI 64: optimal n events = 36
  Experts - ROI 64: optimal n events = 33
  Combined - ROI 64: optimal n events = 37
  Students - ROI 65: optimal n events = 36
  Experts - ROI 65: optimal n events = 38
  Combined - ROI 65: optimal n events = 36
  Students - ROI 66: optimal n events = 29
  Experts - ROI 66: optimal n events = 32
  Combined - ROI 66: optimal n events = 29
  Students - ROI 67: optimal n events = 35
  Experts - ROI 67: optimal n events = 29
  Combined - ROI 67: optimal n events = 35
  Students - ROI 68: optimal n events = 34
  Experts - ROI 68: optimal n events = 37
  Combined - ROI 68: optimal n events = 34
  Students - ROI 69: optimal n events = 35
  Experts - ROI 69: optimal n events = 37
  Combined - ROI 69: optimal n events = 37
  Students - ROI 70: optimal n events = 33
  Experts - ROI 70: optimal n events = 28
  Combined - ROI 70: optimal n events = 35
[CHECKPOINT] Saved through ROI 70
  Students - ROI 71: optimal n events = 38
  Experts - ROI 71: optimal n events = 38
  Combined - ROI 71: optimal n events = 36
  Students - ROI 72: optimal n events = 32
  Experts - ROI 72: optimal n events = 51
  Combined - ROI 72: optimal n events = 41
  Students - ROI 73: optimal n events = 37
  Experts - ROI 73: optimal n events = 44
  Combined - ROI 73: optimal n events = 41
  Students - ROI 74: optimal n events = 35
  Experts - ROI 74: optimal n events = 40
  Combined - ROI 74: optimal n events = 26
  Students - ROI 75: optimal n events = 44
  Experts - ROI 75: optimal n events = 33
  Combined - ROI 75: optimal n events = 39
  Students - ROI 76: optimal n events = 35
  Experts - ROI 76: optimal n events = 44
  Combined - ROI 76: optimal n events = 38
  Students - ROI 77: optimal n events = 34
  Experts - ROI 77: optimal n events = 38
  Combined - ROI 77: optimal n events = 37
  Students - ROI 78: optimal n events = 30
  Experts - ROI 78: optimal n events = 35
  Combined - ROI 78: optimal n events = 35
  Students - ROI 79: optimal n events = 40
  Experts - ROI 79: optimal n events = 47
  Combined - ROI 79: optimal n events = 43
  Students - ROI 80: optimal n events = 34
  Experts - ROI 80: optimal n events = 35
  Combined - ROI 80: optimal n events = 40
[CHECKPOINT] Saved through ROI 80
  Students - ROI 81: optimal n events = 31
  Experts - ROI 81: optimal n events = 36
  Combined - ROI 81: optimal n events = 37
  Students - ROI 82: optimal n events = 31
  Experts - ROI 82: optimal n events = 40
  Combined - ROI 82: optimal n events = 39
  Students - ROI 83: optimal n events = 35
  Experts - ROI 83: optimal n events = 32
  Combined - ROI 83: optimal n events = 36
  Students - ROI 84: optimal n events = 36
  Experts - ROI 84: optimal n events = 31
  Combined - ROI 84: optimal n events = 36
  Students - ROI 85: optimal n events = 39
  Experts - ROI 85: optimal n events = 38
  Combined - ROI 85: optimal n events = 36
  Students - ROI 86: optimal n events = 39
  Experts - ROI 86: optimal n events = 34
  Combined - ROI 86: optimal n events = 43
  Students - ROI 87: optimal n events = 35
  Experts - ROI 87: optimal n events = 41
  Combined - ROI 87: optimal n events = 32
  Students - ROI 88: optimal n events = 33
  Experts - ROI 88: optimal n events = 35
  Combined - ROI 88: optimal n events = 33
  Students - ROI 89: optimal n events = 37
  Experts - ROI 89: optimal n events = 31
  Combined - ROI 89: optimal n events = 35
  Students - ROI 90: optimal n events = 37
  Experts - ROI 90: optimal n events = 31
  Combined - ROI 90: optimal n events = 35
[CHECKPOINT] Saved through ROI 90
  Students - ROI 91: optimal n events = 35
  Experts - ROI 91: optimal n events = 31
  Combined - ROI 91: optimal n events = 36
  Students - ROI 92: optimal n events = 35
  Experts - ROI 92: optimal n events = 36
  Combined - ROI 92: optimal n events = 32
  Students - ROI 93: optimal n events = 35
  Experts - ROI 93: optimal n events = 31
  Combined - ROI 93: optimal n events = 36
  Students - ROI 94: optimal n events = 32
  Experts - ROI 94: optimal n events = 35
  Combined - ROI 94: optimal n events = 35
  Students - ROI 95: optimal n events = 35
  Experts - ROI 95: optimal n events = 40
  Combined - ROI 95: optimal n events = 36
  Students - ROI 96: optimal n events = 41
  Experts - ROI 96: optimal n events = 36
  Combined - ROI 96: optimal n events = 42
  Students - ROI 97: optimal n events = 30
  Experts - ROI 97: optimal n events = 28
  Combined - ROI 97: optimal n events = 29
  Students - ROI 98: optimal n events = 31
  Experts - ROI 98: optimal n events = 33
  Combined - ROI 98: optimal n events = 29
  Students - ROI 99: optimal n events = 32
  Experts - ROI 99: optimal n events = 47
  Combined - ROI 99: optimal n events = 47
  Students - ROI 100: optimal n events = 38
  Experts - ROI 100: optimal n events = 45
  Combined - ROI 100: optimal n events = 38
[CHECKPOINT] Saved through ROI 100
  Students - ROI 101: optimal n events = 30
  Experts - ROI 101: optimal n events = 35
  Combined - ROI 101: optimal n events = 35
  Students - ROI 102: optimal n events = 29
