[INFO] Running gsbs_only.py
[STAGE 1] LOADING SRM PICKLES
  students_srm: 200 ROIs
  experts_srm:  200 ROIs
  all_srm:      200 ROIs
[RESUME] Loaded 100 ROIs from students_results_checkpoint.pkl
[RESUME] Loaded 100 ROIs from experts_results_checkpoint.pkl
[RESUME] Loaded 100 ROIs from all_results_checkpoint.pkl

[STAGE 2] RUNNING GSBS
[INFO] 100 ROIs remaining to process
  Students - ROI 101: optimal n events = 30
  Experts - ROI 101: optimal n events = 35
  Combined - ROI 101: optimal n events = 35
  Students - ROI 102: optimal n events = 29
  Experts - ROI 102: optimal n events = 28
  Combined - ROI 102: optimal n events = 31
  Students - ROI 103: optimal n events = 39
  Experts - ROI 103: optimal n events = 42
  Combined - ROI 103: optimal n events = 37
  Students - ROI 104: optimal n events = 35
  Experts - ROI 104: optimal n events = 32
  Combined - ROI 104: optimal n events = 36
  Students - ROI 105: optimal n events = 33
  Experts - ROI 105: optimal n events = 32
  Combined - ROI 105: optimal n events = 33
  Students - ROI 106: optimal n events = 40
  Experts - ROI 106: optimal n events = 37
  Combined - ROI 106: optimal n events = 34
  Students - ROI 107: optimal n events = 33
  Experts - ROI 107: optimal n events = 33
  Combined - ROI 107: optimal n events = 32
  Students - ROI 108: optimal n events = 29
  Experts - ROI 108: optimal n events = 33
  Combined - ROI 108: optimal n events = 29
  Students - ROI 109: optimal n events = 37
  Experts - ROI 109: optimal n events = 49
  Combined - ROI 109: optimal n events = 39
  Students - ROI 110: optimal n events = 28
  Experts - ROI 110: optimal n events = 31
  Combined - ROI 110: optimal n events = 28
[CHECKPOINT] Saved through ROI 110
  Students - ROI 111: optimal n events = 29
  Experts - ROI 111: optimal n events = 46
  Combined - ROI 111: optimal n events = 29
  Students - ROI 112: optimal n events = 34
  Experts - ROI 112: optimal n events = 29
  Combined - ROI 112: optimal n events = 28
  Students - ROI 113: optimal n events = 32
  Experts - ROI 113: optimal n events = 33
  Combined - ROI 113: optimal n events = 29
  Students - ROI 114: optimal n events = 34
  Experts - ROI 114: optimal n events = 39
  Combined - ROI 114: optimal n events = 32
  Students - ROI 115: optimal n events = 29
  Experts - ROI 115: optimal n events = 25
  Combined - ROI 115: optimal n events = 31
  Students - ROI 116: optimal n events = 31
  Experts - ROI 116: optimal n events = 45
  Combined - ROI 116: optimal n events = 31
  Students - ROI 117: optimal n events = 27
  Experts - ROI 117: optimal n events = 34
  Combined - ROI 117: optimal n events = 31
  Students - ROI 118: optimal n events = 31
  Experts - ROI 118: optimal n events = 42
  Combined - ROI 118: optimal n events = 30
  Students - ROI 119: optimal n events = 29
  Experts - ROI 119: optimal n events = 35
  Combined - ROI 119: optimal n events = 30
  Students - ROI 120: optimal n events = 34
  Experts - ROI 120: optimal n events = 28
  Combined - ROI 120: optimal n events = 35
[CHECKPOINT] Saved through ROI 120
  Students - ROI 121: optimal n events = 34
  Experts - ROI 121: optimal n events = 36
  Combined - ROI 121: optimal n events = 36
  Students - ROI 122: optimal n events = 36
  Experts - ROI 122: optimal n events = 38
  Combined - ROI 122: optimal n events = 33
  Students - ROI 123: optimal n events = 32
  Experts - ROI 123: optimal n events = 35
  Combined - ROI 123: optimal n events = 34
  Students - ROI 124: optimal n events = 30
  Experts - ROI 124: optimal n events = 41
  Combined - ROI 124: optimal n events = 33
  Students - ROI 125: optimal n events = 35
  Experts - ROI 125: optimal n events = 27
  Combined - ROI 125: optimal n events = 30
  Students - ROI 126: optimal n events = 29
  Experts - ROI 126: optimal n events = 26
  Combined - ROI 126: optimal n events = 31
  Students - ROI 127: optimal n events = 31
  Experts - ROI 127: optimal n events = 30
  Combined - ROI 127: optimal n events = 34
  Students - ROI 128: optimal n events = 35
  Experts - ROI 128: optimal n events = 37
  Combined - ROI 128: optimal n events = 35
  Students - ROI 129: optimal n events = 35
  Experts - ROI 129: optimal n events = 43
  Combined - ROI 129: optimal n events = 44
  Students - ROI 130: optimal n events = 36
  Experts - ROI 130: optimal n events = 33
  Combined - ROI 130: optimal n events = 33
[CHECKPOINT] Saved through ROI 130
  Students - ROI 131: optimal n events = 38
  Experts - ROI 131: optimal n events = 31
  Combined - ROI 131: optimal n events = 29
  Students - ROI 132: optimal n events = 30
  Experts - ROI 132: optimal n events = 42
  Combined - ROI 132: optimal n events = 29
  Students - ROI 133: optimal n events = 44
  Experts - ROI 133: optimal n events = 45
  Combined - ROI 133: optimal n events = 33
  Students - ROI 134: optimal n events = 42
  Experts - ROI 134: optimal n events = 41
  Combined - ROI 134: optimal n events = 39
  Students - ROI 135: optimal n events = 36
  Experts - ROI 135: optimal n events = 38
  Combined - ROI 135: optimal n events = 37
  Students - ROI 136: optimal n events = 40
  Experts - ROI 136: optimal n events = 40
  Combined - ROI 136: optimal n events = 39
  Students - ROI 137: optimal n events = 30
  Experts - ROI 137: optimal n events = 32
  Combined - ROI 137: optimal n events = 29
  Students - ROI 138: optimal n events = 28
  Experts - ROI 138: optimal n events = 37
  Combined - ROI 138: optimal n events = 30
  Students - ROI 139: optimal n events = 33
  Experts - ROI 139: optimal n events = 29
  Combined - ROI 139: optimal n events = 38
  Students - ROI 140: optimal n events = 33
  Experts - ROI 140: optimal n events = 35
  Combined - ROI 140: optimal n events = 35
[CHECKPOINT] Saved through ROI 140
  Students - ROI 141: optimal n events = 33
  Experts - ROI 141: optimal n events = 26
  Combined - ROI 141: optimal n events = 30
  Students - ROI 142: optimal n events = 36
  Experts - ROI 142: optimal n events = 48
  Combined - ROI 142: optimal n events = 40
  Students - ROI 143: optimal n events = 29
  Experts - ROI 143: optimal n events = 29
  Combined - ROI 143: optimal n events = 31
  Students - ROI 144: optimal n events = 29
  Experts - ROI 144: optimal n events = 28
  Combined - ROI 144: optimal n events = 28
  Students - ROI 145: optimal n events = 32
  Experts - ROI 145: optimal n events = 28
  Combined - ROI 145: optimal n events = 30
  Students - ROI 146: optimal n events = 32
  Experts - ROI 146: optimal n events = 28
  Combined - ROI 146: optimal n events = 32
  Students - ROI 147: optimal n events = 34
  Experts - ROI 147: optimal n events = 34
  Combined - ROI 147: optimal n events = 32
  Students - ROI 148: optimal n events = 30
  Experts - ROI 148: optimal n events = 27
  Combined - ROI 148: optimal n events = 32
  Students - ROI 149: optimal n events = 33
  Experts - ROI 149: optimal n events = 32
  Combined - ROI 149: optimal n events = 31
  Students - ROI 150: optimal n events = 31
  Experts - ROI 150: optimal n events = 31
  Combined - ROI 150: optimal n events = 38
[CHECKPOINT] Saved through ROI 150
  Students - ROI 151: optimal n events = 38
  Experts - ROI 151: optimal n events = 36
  Combined - ROI 151: optimal n events = 37
  Students - ROI 152: optimal n events = 32
  Experts - ROI 152: optimal n events = 33
  Combined - ROI 152: optimal n events = 31
  Students - ROI 153: optimal n events = 34
  Experts - ROI 153: optimal n events = 34
  Combined - ROI 153: optimal n events = 34
  Students - ROI 154: optimal n events = 28
  Experts - ROI 154: optimal n events = 36
  Combined - ROI 154: optimal n events = 30
  Students - ROI 155: optimal n events = 27
  Experts - ROI 155: optimal n events = 32
  Combined - ROI 155: optimal n events = 28
  Students - ROI 156: optimal n events = 30
  Experts - ROI 156: optimal n events = 38
  Combined - ROI 156: optimal n events = 33
  Students - ROI 157: optimal n events = 33
  Experts - ROI 157: optimal n events = 30
  Combined - ROI 157: optimal n events = 34
  Students - ROI 158: optimal n events = 35
  Experts - ROI 158: optimal n events = 25
  Combined - ROI 158: optimal n events = 34
  Students - ROI 159: optimal n events = 36
  Experts - ROI 159: optimal n events = 29
  Combined - ROI 159: optimal n events = 30
  Students - ROI 160: optimal n events = 32
  Experts - ROI 160: optimal n events = 38
  Combined - ROI 160: optimal n events = 32
[CHECKPOINT] Saved through ROI 160
  Students - ROI 161: optimal n events = 30
  Experts - ROI 161: optimal n events = 28
  Combined - ROI 161: optimal n events = 32
  Students - ROI 162: optimal n events = 31
  Experts - ROI 162: optimal n events = 30
  Combined - ROI 162: optimal n events = 31
  Students - ROI 163: optimal n events = 27
  Experts - ROI 163: optimal n events = 25
  Combined - ROI 163: optimal n events = 30
  Students - ROI 164: optimal n events = 32
  Experts - ROI 164: optimal n events = 31
  Combined - ROI 164: optimal n events = 32
  Students - ROI 165: optimal n events = 33
  Experts - ROI 165: optimal n events = 46
  Combined - ROI 165: optimal n events = 35
  Students - ROI 166: optimal n events = 33
  Experts - ROI 166: optimal n events = 36
  Combined - ROI 166: optimal n events = 34
  Students - ROI 167: optimal n events = 32
  Experts - ROI 167: optimal n events = 34
  Combined - ROI 167: optimal n events = 34
  Students - ROI 168: optimal n events = 34
  Experts - ROI 168: optimal n events = 30
  Combined - ROI 168: optimal n events = 33
  Students - ROI 169: optimal n events = 33
  Experts - ROI 169: optimal n events = 31
  Combined - ROI 169: optimal n events = 34
  Students - ROI 170: optimal n events = 30
  Experts - ROI 170: optimal n events = 28
  Combined - ROI 170: optimal n events = 31
[CHECKPOINT] Saved through ROI 170
  Students - ROI 171: optimal n events = 33
  Experts - ROI 171: optimal n events = 28
  Combined - ROI 171: optimal n events = 33
  Students - ROI 172: optimal n events = 37
  Experts - ROI 172: optimal n events = 31
  Combined - ROI 172: optimal n events = 34
  Students - ROI 173: optimal n events = 42
  Experts - ROI 173: optimal n events = 32
  Combined - ROI 173: optimal n events = 38
  Students - ROI 174: optimal n events = 33
  Experts - ROI 174: optimal n events = 40
  Combined - ROI 174: optimal n events = 32
  Students - ROI 175: optimal n events = 34
  Experts - ROI 175: optimal n events = 37
  Combined - ROI 175: optimal n events = 36
  Students - ROI 176: optimal n events = 38
  Experts - ROI 176: optimal n events = 32
  Combined - ROI 176: optimal n events = 32
  Students - ROI 177: optimal n events = 33
  Experts - ROI 177: optimal n events = 31
  Combined - ROI 177: optimal n events = 36
  Students - ROI 178: optimal n events = 37
  Experts - ROI 178: optimal n events = 33
  Combined - ROI 178: optimal n events = 38
  Students - ROI 179: optimal n events = 33
  Experts - ROI 179: optimal n events = 35
  Combined - ROI 179: optimal n events = 31
  Students - ROI 180: optimal n events = 32
  Experts - ROI 180: optimal n events = 40
  Combined - ROI 180: optimal n events = 29
[CHECKPOINT] Saved through ROI 180
  Students - ROI 181: optimal n events = 36
  Experts - ROI 181: optimal n events = 53
  Combined - ROI 181: optimal n events = 35
  Students - ROI 182: optimal n events = 40
  Experts - ROI 182: optimal n events = 46
  Combined - ROI 182: optimal n events = 34
  Students - ROI 183: optimal n events = 26
  Experts - ROI 183: optimal n events = 38
  Combined - ROI 183: optimal n events = 29
  Students - ROI 184: optimal n events = 37
  Experts - ROI 184: optimal n events = 35
  Combined - ROI 184: optimal n events = 38
  Students - ROI 185: optimal n events = 31
  Experts - ROI 185: optimal n events = 35
  Combined - ROI 185: optimal n events = 33
  Students - ROI 186: optimal n events = 38
  Experts - ROI 186: optimal n events = 28
  Combined - ROI 186: optimal n events = 35
  Students - ROI 187: optimal n events = 32
  Experts - ROI 187: optimal n events = 29
  Combined - ROI 187: optimal n events = 33
  Students - ROI 188: optimal n events = 30
  Experts - ROI 188: optimal n events = 32
  Combined - ROI 188: optimal n events = 29
  Students - ROI 189: optimal n events = 44
  Experts - ROI 189: optimal n events = 39
  Combined - ROI 189: optimal n events = 38
  Students - ROI 190: optimal n events = 38
  Experts - ROI 190: optimal n events = 34
  Combined - ROI 190: optimal n events = 39
[CHECKPOINT] Saved through ROI 190
  Students - ROI 191: optimal n events = 32
  Experts - ROI 191: optimal n events = 26
  Combined - ROI 191: optimal n events = 33
  Students - ROI 192: optimal n events = 36
  Experts - ROI 192: optimal n events = 34
  Combined - ROI 192: optimal n events = 40
  Students - ROI 193: optimal n events = 42
  Experts - ROI 193: optimal n events = 33
  Combined - ROI 193: optimal n events = 35
  Students - ROI 194: optimal n events = 35
  Experts - ROI 194: optimal n events = 40
  Combined - ROI 194: optimal n events = 38
  Students - ROI 195: optimal n events = 32
  Experts - ROI 195: optimal n events = 37
  Combined - ROI 195: optimal n events = 31
  Students - ROI 196: optimal n events = 29
  Experts - ROI 196: optimal n events = 31
  Combined - ROI 196: optimal n events = 30
  Students - ROI 197: optimal n events = 34
  Experts - ROI 197: optimal n events = 35
  Combined - ROI 197: optimal n events = 33
  Students - ROI 198: optimal n events = 35
  Experts - ROI 198: optimal n events = 39
  Combined - ROI 198: optimal n events = 35
  Students - ROI 199: optimal n events = 42
  Experts - ROI 199: optimal n events = 35
  Combined - ROI 199: optimal n events = 38
  Students - ROI 200: optimal n events = 29
  Experts - ROI 200: optimal n events = 43
  Combined - ROI 200: optimal n events = 36
[CHECKPOINT] Saved through ROI 200
[SAVED] students_results_ses-wk6_recap.pkl
[SAVED] students_models_ses-wk6_recap.pkl
[SAVED] experts_results_ses-wk6_recap.pkl
[SAVED] experts_models_ses-wk6_recap.pkl
[SAVED] all_results_ses-wk6_recap.pkl
[SAVED] all_models_ses-wk6_recap.pkl
[DONE] GSBS complete.
[INFO] Job finished
